info: Viewer server is listening to port 5000
info: keyword: ETH coin, ratio: 0.8096767757382282
info: keyword: DOT coin, ratio: 0.9846776370510137
info: keyword: UNI coin, ratio: 0.8424667706542952
info: keyword: Litecoin, ratio: 1.0579703944338437
info: keyword: Bitcoin, ratio: 1.0683240660029891
info: keyword: ADA coin, ratio: 1.5904871465080603
info: keyword: XRP, ratio: 0.9442937521580932
info: keyword: Tether, ratio: 0.6906366211400304
info: keyword: Binance Coin, ratio: 1.2089666736559777
info: keyword: THETA coin, ratio: 0.938268636166288
info: keyword: Binance Coin, ratio: 1.2089666736559777
info: keyword: DOT coin, ratio: 0.9846776370510137
info: keyword: XRP, ratio: 0.9442937521580932
info: keyword: ETH coin, ratio: 0.8096767757382282
info: keyword: ADA coin, ratio: 1.5904871465080603
info: keyword: Tether, ratio: 0.6906366211400304
info: keyword: Bitcoin, ratio: 1.0683240660029891
info: keyword: UNI coin, ratio: 0.8424667706542952
info: keyword: THETA coin, ratio: 0.938268636166288
info: keyword: Litecoin, ratio: 1.0579703944338437
