info: Redis connection successful
info: 2 jobs were scheduled.
info: Queue: a task was added to the Q.
info: calling 300 times
info: loaded cookie info for 100 proxies
info: added job #1 of 300
info: added job #2 of 300
info: added job #3 of 300
info: added job #4 of 300
info: added job #5 of 300
info: added job #6 of 300
info: added job #7 of 300
info: added job #8 of 300
info: added job #9 of 300
info: added job #10 of 300
info: added job #11 of 300
info: added job #12 of 300
info: added job #13 of 300
info: added job #14 of 300
info: added job #15 of 300
info: added job #16 of 300
info: added job #17 of 300
info: added job #18 of 300
info: added job #19 of 300
info: added job #20 of 300
info: added job #21 of 300
info: added job #22 of 300
info: added job #23 of 300
info: added job #24 of 300
info: added job #25 of 300
info: added job #26 of 300
info: added job #27 of 300
info: added job #28 of 300
info: added job #29 of 300
info: added job #30 of 300
info: added job #31 of 300
info: added job #32 of 300
info: added job #33 of 300
info: added job #34 of 300
info: added job #35 of 300
info: added job #36 of 300
info: added job #37 of 300
info: added job #38 of 300
info: added job #39 of 300
info: added job #40 of 300
info: added job #41 of 300
info: added job #42 of 300
info: added job #43 of 300
info: added job #44 of 300
info: added job #45 of 300
info: added job #46 of 300
info: added job #47 of 300
info: added job #48 of 300
info: added job #49 of 300
info: added job #50 of 300
info: added job #51 of 300
info: added job #52 of 300
info: added job #53 of 300
info: added job #54 of 300
info: added job #55 of 300
info: added job #56 of 300
info: added job #57 of 300
info: added job #58 of 300
info: added job #59 of 300
info: added job #60 of 300
info: added job #61 of 300
info: added job #62 of 300
info: added job #63 of 300
info: added job #64 of 300
info: added job #65 of 300
info: added job #66 of 300
info: added job #67 of 300
info: added job #68 of 300
info: added job #69 of 300
info: added job #70 of 300
info: added job #71 of 300
info: added job #72 of 300
info: added job #73 of 300
info: added job #74 of 300
info: added job #75 of 300
info: added job #76 of 300
info: added job #77 of 300
info: added job #78 of 300
info: added job #79 of 300
info: added job #80 of 300
info: added job #81 of 300
info: added job #82 of 300
info: added job #83 of 300
info: added job #84 of 300
info: added job #85 of 300
info: added job #86 of 300
info: added job #87 of 300
info: added job #88 of 300
info: added job #89 of 300
info: added job #90 of 300
info: added job #91 of 300
info: added job #92 of 300
info: added job #93 of 300
info: added job #94 of 300
info: added job #95 of 300
info: added job #96 of 300
info: added job #97 of 300
info: added job #98 of 300
info: added job #99 of 300
info: added job #100 of 300
info: added job #101 of 300
info: added job #102 of 300
info: added job #103 of 300
info: added job #104 of 300
info: added job #105 of 300
info: added job #106 of 300
info: added job #107 of 300
info: added job #108 of 300
info: added job #109 of 300
info: added job #110 of 300
info: added job #111 of 300
info: added job #112 of 300
info: added job #113 of 300
info: added job #114 of 300
info: added job #115 of 300
info: added job #116 of 300
info: added job #117 of 300
info: added job #118 of 300
info: added job #119 of 300
info: added job #120 of 300
info: added job #121 of 300
info: added job #122 of 300
info: added job #123 of 300
info: added job #124 of 300
info: added job #125 of 300
info: added job #126 of 300
info: added job #127 of 300
info: added job #128 of 300
info: added job #129 of 300
info: added job #130 of 300
info: added job #131 of 300
info: added job #132 of 300
info: added job #133 of 300
info: added job #134 of 300
info: added job #135 of 300
info: added job #136 of 300
info: added job #137 of 300
info: added job #138 of 300
info: added job #139 of 300
info: added job #140 of 300
info: added job #141 of 300
info: added job #142 of 300
info: added job #143 of 300
info: added job #144 of 300
info: added job #145 of 300
info: added job #146 of 300
info: added job #147 of 300
info: added job #148 of 300
info: added job #149 of 300
info: added job #150 of 300
info: added job #151 of 300
info: added job #152 of 300
info: added job #153 of 300
info: added job #154 of 300
info: added job #155 of 300
info: added job #156 of 300
info: added job #157 of 300
info: added job #158 of 300
info: added job #159 of 300
info: added job #160 of 300
info: added job #161 of 300
info: added job #162 of 300
info: added job #163 of 300
info: added job #164 of 300
info: added job #165 of 300
info: added job #166 of 300
info: added job #167 of 300
info: added job #168 of 300
info: added job #169 of 300
info: added job #170 of 300
info: added job #171 of 300
info: added job #172 of 300
info: added job #173 of 300
info: added job #174 of 300
info: added job #175 of 300
info: added job #176 of 300
info: added job #177 of 300
info: added job #178 of 300
info: added job #179 of 300
info: added job #180 of 300
info: added job #181 of 300
info: added job #182 of 300
info: added job #183 of 300
info: added job #184 of 300
info: added job #185 of 300
info: added job #186 of 300
info: added job #187 of 300
info: added job #188 of 300
info: added job #189 of 300
info: added job #190 of 300
info: added job #191 of 300
info: added job #192 of 300
info: added job #193 of 300
info: added job #194 of 300
info: added job #195 of 300
info: added job #196 of 300
info: added job #197 of 300
info: added job #198 of 300
info: added job #199 of 300
info: added job #200 of 300
info: added job #201 of 300
info: added job #202 of 300
info: added job #203 of 300
info: added job #204 of 300
info: added job #205 of 300
info: added job #206 of 300
info: added job #207 of 300
info: added job #208 of 300
info: added job #209 of 300
info: added job #210 of 300
info: added job #211 of 300
info: added job #212 of 300
info: added job #213 of 300
info: added job #214 of 300
info: added job #215 of 300
info: added job #216 of 300
info: added job #217 of 300
info: added job #218 of 300
info: added job #219 of 300
info: added job #220 of 300
info: added job #221 of 300
info: added job #222 of 300
info: added job #223 of 300
info: added job #224 of 300
info: added job #225 of 300
info: added job #226 of 300
info: added job #227 of 300
info: added job #228 of 300
info: added job #229 of 300
info: added job #230 of 300
info: added job #231 of 300
info: added job #232 of 300
info: added job #233 of 300
info: added job #234 of 300
info: added job #235 of 300
info: added job #236 of 300
info: added job #237 of 300
info: added job #238 of 300
info: added job #239 of 300
info: added job #240 of 300
info: added job #241 of 300
info: added job #242 of 300
info: added job #243 of 300
info: added job #244 of 300
info: added job #245 of 300
info: added job #246 of 300
info: added job #247 of 300
info: added job #248 of 300
info: added job #249 of 300
info: added job #250 of 300
info: added job #251 of 300
info: added job #252 of 300
info: added job #253 of 300
info: added job #254 of 300
info: added job #255 of 300
info: added job #256 of 300
info: added job #257 of 300
info: added job #258 of 300
info: added job #259 of 300
info: added job #260 of 300
info: added job #261 of 300
info: added job #262 of 300
info: added job #263 of 300
info: added job #264 of 300
info: added job #265 of 300
info: added job #266 of 300
info: added job #267 of 300
info: added job #268 of 300
info: added job #269 of 300
info: added job #270 of 300
info: added job #271 of 300
info: added job #272 of 300
info: added job #273 of 300
info: added job #274 of 300
info: added job #275 of 300
info: added job #276 of 300
info: added job #277 of 300
info: added job #278 of 300
info: added job #279 of 300
info: added job #280 of 300
info: added job #281 of 300
info: added job #282 of 300
info: added job #283 of 300
info: added job #284 of 300
info: added job #285 of 300
info: added job #286 of 300
info: added job #287 of 300
info: added job #288 of 300
info: added job #289 of 300
info: added job #290 of 300
info: added job #291 of 300
info: added job #292 of 300
info: added job #293 of 300
info: added job #294 of 300
info: added job #295 of 300
info: added job #296 of 300
info: added job #297 of 300
info: added job #298 of 300
info: added job #299 of 300
info: added job #300 of 300
info: getting data for job 1/300
info: getting data for job 2/300
info: getting data for job 3/300
info: getting data for job 4/300
info: getting data for job 5/300
info: getting data for job 6/300
info: getting data for job 7/300
info: getting data for job 8/300
info: getting data for job 9/300
info: getting data for job 10/300
info: getting data for job 11/300
info: getting data for job 12/300
info: getting data for job 13/300
info: getting data for job 14/300
info: getting data for job 15/300
info: getting data for job 16/300
info: getting data for job 17/300
info: getting data for job 18/300
info: getting data for job 19/300
info: getting data for job 20/300
info: getting data for job 21/300
info: getting data for job 22/300
info: getting data for job 23/300
info: getting data for job 24/300
info: getting data for job 25/300
info: getting data for job 26/300
info: getting data for job 27/300
info: getting data for job 28/300
info: getting data for job 29/300
info: getting data for job 30/300
info: getting data for job 31/300
info: getting data for job 32/300
info: getting data for job 33/300
info: getting data for job 34/300
info: getting data for job 35/300
info: getting data for job 36/300
info: getting data for job 37/300
info: getting data for job 38/300
info: getting data for job 39/300
info: getting data for job 40/300
info: getting data for job 41/300
info: getting data for job 42/300
info: getting data for job 43/300
info: getting data for job 44/300
info: getting data for job 45/300
info: getting data for job 46/300
info: getting data for job 47/300
info: getting data for job 48/300
info: getting data for job 49/300
info: getting data for job 50/300
info: received key for job 12/300
info: received key for job 18/300
info: received key for job 9/300
info: received key for job 16/300
info: received key for job 15/300
info: received key for job 14/300
info: received key for job 21/300
info: received key for job 2/300
info: received key for job 24/300
info: received key for job 8/300
info: received key for job 23/300
info: received key for job 22/300
info: received key for job 19/300
info: received key for job 29/300
info: received key for job 30/300
info: received key for job 20/300
info: received key for job 28/300
info: received key for job 27/300
info: received key for job 17/300
info: received key for job 26/300
info: received key for job 32/300
info: received key for job 10/300
info: received key for job 5/300
info: received key for job 3/300
info: received key for job 36/300
info: received key for job 38/300
info: received key for job 4/300
info: received key for job 34/300
info: received key for job 6/300
info: received key for job 35/300
info: received key for job 33/300
info: received key for job 1/300
info: received key for job 11/300
info: received key for job 46/300
info: received key for job 48/300
info: received key for job 39/300
info: received key for job 40/300
info: received key for job 42/300
info: received key for job 44/300
info: received key for job 41/300
info: received key for job 47/300
info: received key for job 13/300
info: received key for job 50/300
info: received key for job 7/300
info: received key for job 45/300
info: received key for job 31/300
info: received key for job 37/300
info: received key for job 25/300
info: received key for job 43/300
info: received key for job 49/300
info: received data for job 18/300
info: received data for job 9/300
info: received data for job 15/300
info: received data for job 12/300
info: received data for job 16/300
info: getting data for job 51/300
info: getting data for job 52/300
info: getting data for job 53/300
info: getting data for job 54/300
info: getting data for job 55/300
info: received data for job 19/300
info: getting data for job 56/300
info: received data for job 21/300
info: received data for job 50/300
info: received data for job 29/300
info: received data for job 20/300
info: received data for job 48/300
info: getting data for job 57/300
info: getting data for job 58/300
info: getting data for job 59/300
info: received data for job 28/300
info: received data for job 22/300
info: received data for job 27/300
info: getting data for job 60/300
info: received data for job 2/300
info: received data for job 32/300
info: getting data for job 61/300
info: getting data for job 62/300
info: getting data for job 63/300
info: getting data for job 64/300
info: getting data for job 65/300
info: received data for job 24/300
info: received data for job 26/300
info: received data for job 17/300
info: received data for job 8/300
info: received data for job 35/300
info: getting data for job 66/300
info: getting data for job 67/300
info: getting data for job 68/300
info: getting data for job 69/300
info: getting data for job 70/300
info: received data for job 36/300
info: received data for job 38/300
info: received data for job 14/300
info: received data for job 40/300
info: received data for job 33/300
info: received data for job 23/300
info: received data for job 41/300
info: received data for job 39/300
info: getting data for job 71/300
info: getting data for job 72/300
info: received data for job 30/300
info: getting data for job 73/300
info: getting data for job 74/300
info: getting data for job 75/300
info: getting data for job 76/300
info: getting data for job 77/300
info: getting data for job 78/300
info: getting data for job 79/300
info: received data for job 42/300
info: getting data for job 80/300
info: received data for job 46/300
info: received data for job 44/300
info: getting data for job 81/300
info: getting data for job 82/300
info: received data for job 47/300
info: getting data for job 83/300
info: received data for job 45/300
info: received data for job 34/300
info: getting data for job 84/300
info: getting data for job 85/300
info: received data for job 6/300
info: getting data for job 86/300
info: received data for job 1/300
info: getting data for job 87/300
info: getting data for job 88/300
info: received data for job 13/300
info: received data for job 31/300
info: getting data for job 89/300
info: getting data for job 90/300
info: received data for job 4/300
info: getting data for job 91/300
info: received data for job 3/300
info: getting data for job 92/300
info: received data for job 10/300
info: getting data for job 93/300
info: received data for job 37/300
info: received data for job 7/300
info: getting data for job 94/300
info: getting data for job 95/300
info: received data for job 11/300
info: received data for job 43/300
info: getting data for job 96/300
info: received data for job 25/300
info: getting data for job 97/300
info: getting data for job 98/300
info: received key for job 54/300
info: received key for job 51/300
info: received data for job 49/300
info: received key for job 52/300
info: getting data for job 99/300
info: received key for job 53/300
info: received key for job 56/300
info: received key for job 57/300
info: received key for job 58/300
info: received key for job 59/300
info: received key for job 63/300
info: received key for job 55/300
info: received key for job 60/300
info: received key for job 62/300
info: received data for job 5/300
info: getting data for job 100/300
info: received key for job 75/300
info: received key for job 81/300
info: received key for job 76/300
info: received key for job 78/300
info: received key for job 80/300
info: received key for job 77/300
info: received key for job 72/300
info: received key for job 74/300
info: received key for job 83/300
info: received key for job 82/300
info: received key for job 61/300
info: received key for job 64/300
info: received key for job 70/300
info: received key for job 73/300
info: received key for job 86/300
info: received key for job 84/300
info: received key for job 65/300
info: received key for job 66/300
info: received key for job 87/300
info: received key for job 71/300
info: received key for job 69/300
info: received key for job 88/300
info: received key for job 89/300
info: received key for job 90/300
info: received key for job 79/300
info: received key for job 85/300
info: received key for job 92/300
info: received key for job 98/300
info: received key for job 93/300
info: received key for job 67/300
info: received key for job 94/300
info: received key for job 99/300
info: received key for job 96/300
info: received key for job 95/300
info: received key for job 91/300
info: received key for job 100/300
info: received key for job 97/300
info: received data for job 51/300
info: getting data for job 101/300
info: received data for job 56/300
info: received data for job 54/300
info: getting data for job 102/300
info: getting data for job 103/300
info: received data for job 52/300
info: getting data for job 104/300
info: received data for job 53/300
info: getting data for job 105/300
info: received key for job 68/300
info: received data for job 58/300
info: getting data for job 106/300
info: received data for job 57/300
info: getting data for job 107/300
info: received data for job 60/300
info: getting data for job 108/300
info: received data for job 87/300
info: received data for job 62/300
info: received data for job 76/300
info: received data for job 89/300
info: getting data for job 109/300
info: received data for job 59/300
info: getting data for job 110/300
info: getting data for job 111/300
info: getting data for job 112/300
info: received data for job 63/300
info: getting data for job 113/300
info: received data for job 55/300
info: getting data for job 114/300
info: received data for job 72/300
info: received data for job 74/300
info: received data for job 84/300
info: received data for job 80/300
info: received data for job 78/300
info: getting data for job 115/300
info: getting data for job 116/300
info: received data for job 81/300
info: received data for job 88/300
info: received data for job 75/300
info: received data for job 77/300
info: getting data for job 117/300
info: getting data for job 118/300
info: getting data for job 119/300
info: getting data for job 120/300
info: getting data for job 121/300
info: getting data for job 122/300
info: getting data for job 123/300
info: received data for job 90/300
info: received data for job 65/300
info: getting data for job 124/300
info: getting data for job 125/300
info: received data for job 83/300
info: received data for job 82/300
info: received data for job 73/300
info: getting data for job 126/300
info: getting data for job 127/300
info: getting data for job 128/300
info: received data for job 86/300
info: getting data for job 129/300
info: getting data for job 130/300
info: received data for job 92/300
info: getting data for job 131/300
info: received data for job 71/300
info: received data for job 61/300
info: received data for job 79/300
info: getting data for job 132/300
info: getting data for job 133/300
info: received data for job 85/300
info: getting data for job 134/300
info: received key for job 101/300
info: received data for job 93/300
info: received key for job 102/300
info: received data for job 70/300
info: getting data for job 135/300
info: getting data for job 136/300
info: received data for job 64/300
info: getting data for job 137/300
info: received data for job 66/300
info: received data for job 98/300
info: getting data for job 138/300
info: getting data for job 139/300
info: getting data for job 140/300
info: received data for job 69/300
info: received key for job 104/300
info: getting data for job 141/300
info: received data for job 96/300
info: getting data for job 142/300
info: received data for job 99/300
info: received key for job 105/300
info: getting data for job 143/300
info: received key for job 108/300
info: received key for job 107/300
info: received data for job 100/300
info: received key for job 112/300
info: received key for job 106/300
info: received key for job 116/300
info: getting data for job 144/300
info: received key for job 118/300
info: received key for job 114/300
info: received key for job 103/300
info: received data for job 94/300
info: received key for job 119/300
info: getting data for job 145/300
info: received data for job 95/300
info: getting data for job 146/300
info: received data for job 67/300
info: getting data for job 147/300
info: received key for job 117/300
info: received key for job 109/300
info: received key for job 115/300
info: received key for job 123/300
info: received key for job 122/300
info: received key for job 111/300
info: received key for job 110/300
info: received data for job 91/300
info: getting data for job 148/300
info: received key for job 126/300
info: received key for job 128/300
info: received key for job 124/300
info: received key for job 125/300
info: received key for job 129/300
info: received key for job 113/300
info: received key for job 131/300
info: received key for job 130/300
info: received key for job 120/300
info: received data for job 97/300
info: getting data for job 149/300
info: received key for job 134/300
info: received key for job 132/300
info: received key for job 121/300
info: received key for job 127/300
info: received data for job 68/300
info: getting data for job 150/300
info: received key for job 136/300
info: received key for job 135/300
info: received key for job 137/300
info: received key for job 138/300
info: received key for job 140/300
info: received key for job 133/300
info: received data for job 102/300
info: getting data for job 151/300
info: received key for job 141/300
info: received key for job 142/300
info: received key for job 143/300
info: received data for job 112/300
info: getting data for job 152/300
info: received data for job 104/300
info: getting data for job 153/300
info: received key for job 139/300
info: received key for job 144/300
info: received key for job 146/300
info: received key for job 147/300
info: received data for job 107/300
info: getting data for job 154/300
info: received data for job 118/300
info: received data for job 108/300
info: received data for job 119/300
info: getting data for job 155/300
info: getting data for job 156/300
info: getting data for job 157/300
info: received data for job 116/300
info: getting data for job 158/300
info: received data for job 105/300
info: getting data for job 159/300
info: received key for job 145/300
info: received key for job 148/300
info: received data for job 106/300
info: getting data for job 160/300
info: received data for job 123/300
info: received data for job 110/300
info: getting data for job 161/300
info: getting data for job 162/300
info: received key for job 149/300
info: received data for job 103/300
info: getting data for job 163/300
info: received data for job 109/300
info: received data for job 101/300
info: received data for job 129/300
info: received key for job 150/300
info: getting data for job 164/300
info: received data for job 115/300
info: getting data for job 165/300
info: getting data for job 166/300
info: getting data for job 167/300
info: received data for job 113/300
info: getting data for job 168/300
info: received data for job 130/300
info: getting data for job 169/300
info: received data for job 134/300
info: received data for job 132/300
info: getting data for job 170/300
info: received data for job 114/300
info: getting data for job 171/300
info: getting data for job 172/300
info: received data for job 126/300
info: getting data for job 173/300
info: received data for job 117/300
info: getting data for job 174/300
info: received data for job 131/300
info: getting data for job 175/300
info: received key for job 152/300
info: received data for job 120/300
info: received data for job 122/300
info: received key for job 153/300
info: getting data for job 176/300
info: getting data for job 177/300
info: received data for job 128/300
info: received data for job 124/300
info: received key for job 151/300
info: getting data for job 178/300
info: getting data for job 179/300
info: received data for job 136/300
info: getting data for job 180/300
info: received data for job 143/300
info: getting data for job 181/300
info: received key for job 154/300
info: received key for job 156/300
info: received key for job 155/300
info: received data for job 138/300
info: received data for job 137/300
info: getting data for job 182/300
info: received data for job 111/300
info: getting data for job 183/300
info: received key for job 158/300
info: received key for job 159/300
info: getting data for job 184/300
info: received data for job 140/300
info: getting data for job 185/300
info: received data for job 127/300
info: getting data for job 186/300
info: received data for job 141/300
info: received data for job 142/300
info: received data for job 121/300
info: getting data for job 187/300
info: getting data for job 188/300
info: getting data for job 189/300
info: received data for job 125/300
info: getting data for job 190/300
info: received key for job 160/300
info: received key for job 157/300
info: received key for job 161/300
info: received key for job 162/300
info: received data for job 144/300
info: getting data for job 191/300
info: received data for job 133/300
info: getting data for job 192/300
info: received data for job 146/300
info: received data for job 135/300
info: getting data for job 193/300
info: getting data for job 194/300
info: received data for job 147/300
info: getting data for job 195/300
info: received data for job 149/300
info: getting data for job 196/300
info: received data for job 139/300
info: getting data for job 197/300
info: received key for job 163/300
info: received key for job 172/300
info: received key for job 168/300
info: received key for job 173/300
info: received key for job 174/300
info: received key for job 165/300
info: received key for job 166/300
info: received key for job 164/300
info: received data for job 148/300
info: getting data for job 198/300
info: received key for job 176/300
info: received key for job 167/300
info: received key for job 177/300
info: received data for job 150/300
info: received key for job 170/300
info: getting data for job 199/300
info: received key for job 179/300
info: received key for job 171/300
info: received key for job 178/300
info: received key for job 180/300
info: received key for job 175/300
info: received data for job 145/300
info: getting data for job 200/300
info: received key for job 183/300
info: received data for job 152/300
info: received key for job 182/300
info: getting data for job 201/300
info: received key for job 169/300
info: received key for job 185/300
info: received key for job 186/300
info: received key for job 184/300
info: received key for job 189/300
info: received key for job 188/300
info: received key for job 181/300
info: received key for job 190/300
info: received data for job 153/300
info: getting data for job 202/300
info: received key for job 192/300
info: received key for job 187/300
info: received data for job 154/300
info: getting data for job 203/300
info: received data for job 158/300
info: getting data for job 204/300
info: received data for job 155/300
info: received key for job 191/300
info: getting data for job 205/300
info: received key for job 194/300
info: received key for job 195/300
info: received key for job 196/300
info: received key for job 198/300
info: received data for job 160/300
info: received data for job 156/300
info: received data for job 159/300
info: received data for job 151/300
info: getting data for job 206/300
info: getting data for job 207/300
info: getting data for job 208/300
info: getting data for job 209/300
info: received data for job 161/300
info: received data for job 162/300
info: getting data for job 210/300
info: getting data for job 211/300
info: received key for job 193/300
info: received data for job 174/300
info: received data for job 176/300
info: getting data for job 212/300
info: getting data for job 213/300
info: received key for job 200/300
info: received key for job 201/300
info: received data for job 172/300
info: received data for job 157/300
info: received data for job 168/300
info: getting data for job 214/300
info: getting data for job 215/300
info: received key for job 199/300
info: received data for job 170/300
info: getting data for job 216/300
